d:\developpements\github\nelson\modules\i18n\no-builtin\c\x64\debug\gateway.obj
d:\developpements\github\nelson\modules\i18n\no-builtin\c\x64\debug\gettextbuiltin.obj
d:\developpements\github\nelson\modules\i18n\no-builtin\c\x64\debug\vc143.pdb
d:\developpements\github\nelson\modules\i18n\no-builtin\c\x64\debug\vc143.idb
d:\developpements\github\nelson\modules\i18n\no-builtin\c\x64\debug\dllmain.obj
d:\developpements\github\nelson\bin\x64\libno-nlsi18n_builtin.dll
d:\developpements\github\nelson\modules\i18n\no-builtin\c\x64\debug\libno-nlsi18n_builtin.ilk
d:\developpements\github\nelson\bin\x64\libno-nlsi18n_builtin.pdb
d:\developpements\github\nelson\bin\x64\libno-nlsi18n_builtin.lib
d:\developpements\github\nelson\bin\x64\libno-nlsi18n_builtin.exp
d:\developpements\github\nelson\modules\i18n\no-builtin\c\x64\debug\resources.res
d:\developpements\github\nelson\bin/x64/libno-nlsi18n_builtin.pdb
d:\developpements\github\nelson\modules\i18n\no-builtin\c\x64\debug\no-nlsi1.9858f707.tlog\cl.command.1.tlog
d:\developpements\github\nelson\modules\i18n\no-builtin\c\x64\debug\no-nlsi1.9858f707.tlog\cl.read.1.tlog
d:\developpements\github\nelson\modules\i18n\no-builtin\c\x64\debug\no-nlsi1.9858f707.tlog\cl.write.1.tlog
d:\developpements\github\nelson\modules\i18n\no-builtin\c\x64\debug\no-nlsi1.9858f707.tlog\link.command.1.tlog
d:\developpements\github\nelson\modules\i18n\no-builtin\c\x64\debug\no-nlsi1.9858f707.tlog\link.read.1.tlog
d:\developpements\github\nelson\modules\i18n\no-builtin\c\x64\debug\no-nlsi1.9858f707.tlog\link.write.1.tlog
d:\developpements\github\nelson\modules\i18n\no-builtin\c\x64\debug\no-nlsi1.9858f707.tlog\no-nlsi18n_builtin.write.1u.tlog
d:\developpements\github\nelson\modules\i18n\no-builtin\c\x64\debug\no-nlsi1.9858f707.tlog\rc.command.1.tlog
d:\developpements\github\nelson\modules\i18n\no-builtin\c\x64\debug\no-nlsi1.9858f707.tlog\rc.read.1.tlog
d:\developpements\github\nelson\modules\i18n\no-builtin\c\x64\debug\no-nlsi1.9858f707.tlog\rc.write.1.tlog
